<?xml version="1.0" encoding="UTF-8"?>
<testng-results skipped="1" failed="1" total="5" passed="3">
  <reporter-output>
    <line>
      <![CDATA[--login--]]>
    </line>
  </reporter-output>
  <suite name="Demo_Amazon_Search" duration-ms="104631" started-at="2018-04-12T13:06:09Z" finished-at="2018-04-12T13:07:53Z">
    <groups>
    </groups>
    <test name="Book Search" duration-ms="104631" started-at="2018-04-12T13:06:09Z" finished-at="2018-04-12T13:07:53Z">
      <class name="com.pro.testcases.AmazonSearch">
        <test-method status="PASS" signature="beforeTest()[pri:0, instance:com.pro.testcases.AmazonSearch@184cf7cf]" name="beforeTest" is-config="true" duration-ms="17107" started-at="2018-04-12T14:06:09Z" finished-at="2018-04-12T14:06:26Z">
          <reporter-output>
            <line>
              <![CDATA[--login--]]>
            </line>
          </reporter-output>
        </test-method> <!-- beforeTest -->
        <test-method status="PASS" signature="searchCategory(java.util.Hashtable)[pri:0, instance:com.pro.testcases.AmazonSearch@184cf7cf]" name="searchCategory" duration-ms="8717" started-at="2018-04-12T14:06:26Z" data-provider="getCategoryDetails" finished-at="2018-04-12T14:06:35Z">
          <params>
            <param index="0">
              <value>
                <![CDATA[{searchFromResult=1.0, searchContent=data catalog, Runmode=Y, selectCategory=Books, paperOrHardPrice=$22.02 - $55.05, kindlePrice=$63.09, authorName=Allison G. Kaplan, customerReviews=4 customer reviews, bookTitle=Catalog It!: A Guide to Cataloging School Library Materials, 3rd Edition}]]>
              </value>
            </param>
          </params>
          <reporter-output>
          </reporter-output>
        </test-method> <!-- searchCategory -->
        <test-method status="PASS" signature="setStatus()[pri:0, instance:com.pro.testcases.AmazonSearch@184cf7cf]" name="setStatus" is-config="true" duration-ms="1" started-at="2018-04-12T14:06:35Z" finished-at="2018-04-12T14:06:35Z">
          <reporter-output>
          </reporter-output>
        </test-method> <!-- setStatus -->
        <test-method status="PASS" signature="searchCategory(java.util.Hashtable)[pri:0, instance:com.pro.testcases.AmazonSearch@184cf7cf]" name="searchCategory" duration-ms="40517" started-at="2018-04-12T14:06:35Z" data-provider="getCategoryDetails" finished-at="2018-04-12T14:07:15Z">
          <params>
            <param index="0">
              <value>
                <![CDATA[{searchFromResult=2.0, searchContent=data catalog, Runmode=Y, selectCategory=Books, paperOrHardPrice=$23.79, kindlePrice=$18.61, authorName=Library of Congress, customerReviews=34 customer reviews, bookTitle=The Card Catalog: Books, Cards, and Literary Treasures}]]>
              </value>
            </param>
          </params>
          <reporter-output>
          </reporter-output>
        </test-method> <!-- searchCategory -->
        <test-method status="PASS" signature="setStatus()[pri:0, instance:com.pro.testcases.AmazonSearch@184cf7cf]" name="setStatus" is-config="true" duration-ms="0" started-at="2018-04-12T14:07:15Z" finished-at="2018-04-12T14:07:15Z">
          <reporter-output>
          </reporter-output>
        </test-method> <!-- setStatus -->
        <test-method status="PASS" signature="searchCategory(java.util.Hashtable)[pri:0, instance:com.pro.testcases.AmazonSearch@184cf7cf]" name="searchCategory" duration-ms="7879" started-at="2018-04-12T14:07:15Z" data-provider="getCategoryDetails" finished-at="2018-04-12T14:07:23Z">
          <params>
            <param index="0">
              <value>
                <![CDATA[{searchFromResult=3.0, searchContent=data catalog, Runmode=Y, selectCategory=Books, paperOrHardPrice=$56.28, kindlePrice=$40.66, authorName=Lowell Fryman, customerReviews=3 customer reviews, bookTitle=The Data and Analytics Playbook: Proven Methods for Governed Data and Analytic Quality}]]>
              </value>
            </param>
          </params>
          <reporter-output>
          </reporter-output>
        </test-method> <!-- searchCategory -->
        <test-method status="SKIP" signature="searchCategory(java.util.Hashtable)[pri:0, instance:com.pro.testcases.AmazonSearch@184cf7cf]" name="searchCategory" duration-ms="2" started-at="2018-04-12T14:07:23Z" data-provider="getCategoryDetails" finished-at="2018-04-12T14:07:23Z">
          <params>
            <param index="0">
              <value>
                <![CDATA[{searchFromResult=2.0, searchContent=computer, Runmode=N, selectCategory=Books, paperOrHardPrice=, kindlePrice=, authorName=, customerReviews=, bookTitle=}]]>
              </value>
            </param>
          </params>
          <exception class="org.testng.SkipException">
            <message>
              <![CDATA[Skipping the test]]>
            </message>
            <full-stacktrace>
              <![CDATA[org.testng.SkipException: Skipping the test
	at com.pro.testcases.AmazonSearch.searchCategory(AmazonSearch.java:61)
	at sun.reflect.NativeMethodAccessorImpl.invoke0(Native Method)
	at sun.reflect.NativeMethodAccessorImpl.invoke(Unknown Source)
	at sun.reflect.DelegatingMethodAccessorImpl.invoke(Unknown Source)
	at java.lang.reflect.Method.invoke(Unknown Source)
	at org.testng.internal.MethodInvocationHelper.invokeMethod(MethodInvocationHelper.java:85)
	at org.testng.internal.Invoker.invokeMethod(Invoker.java:639)
	at org.testng.internal.Invoker.invokeTestMethod(Invoker.java:816)
	at org.testng.internal.Invoker.invokeTestMethods(Invoker.java:1124)
	at org.testng.internal.TestMethodWorker.invokeTestMethods(TestMethodWorker.java:125)
	at org.testng.internal.TestMethodWorker.run(TestMethodWorker.java:108)
	at org.testng.TestRunner.privateRun(TestRunner.java:774)
	at org.testng.TestRunner.run(TestRunner.java:624)
	at org.testng.SuiteRunner.runTest(SuiteRunner.java:359)
	at org.testng.SuiteRunner.runSequentially(SuiteRunner.java:354)
	at org.testng.SuiteRunner.privateRun(SuiteRunner.java:312)
	at org.testng.SuiteRunner.run(SuiteRunner.java:261)
	at org.testng.SuiteRunnerWorker.runSuite(SuiteRunnerWorker.java:52)
	at org.testng.SuiteRunnerWorker.run(SuiteRunnerWorker.java:86)
	at org.testng.TestNG.runSuitesSequentially(TestNG.java:1215)
	at org.testng.TestNG.runSuitesLocally(TestNG.java:1140)
	at org.testng.TestNG.run(TestNG.java:1048)
	at org.testng.remote.AbstractRemoteTestNG.run(AbstractRemoteTestNG.java:114)
	at org.testng.remote.RemoteTestNG.initAndRun(RemoteTestNG.java:251)
	at org.testng.remote.RemoteTestNG.main(RemoteTestNG.java:77)
]]>
            </full-stacktrace>
          </exception> <!-- org.testng.SkipException -->
          <reporter-output>
          </reporter-output>
        </test-method> <!-- searchCategory -->
        <test-method status="PASS" signature="setStatus()[pri:0, instance:com.pro.testcases.AmazonSearch@184cf7cf]" name="setStatus" is-config="true" duration-ms="0" started-at="2018-04-12T14:07:23Z" finished-at="2018-04-12T14:07:23Z">
          <reporter-output>
          </reporter-output>
        </test-method> <!-- setStatus -->
        <test-method status="FAIL" signature="searchCategory(java.util.Hashtable)[pri:0, instance:com.pro.testcases.AmazonSearch@184cf7cf]" name="searchCategory" duration-ms="28881" started-at="2018-04-12T14:07:23Z" data-provider="getCategoryDetails" finished-at="2018-04-12T14:07:52Z">
          <params>
            <param index="0">
              <value>
                <![CDATA[{searchFromResult=1.0, searchContent=male, Runmode=Y, selectCategory=Books, paperOrHardPrice=, kindlePrice=$3.25, authorName=Cooper Davis, customerReviews=38 customer reviews, bookTitle=Bound by Nature: Gay PNR Enemies-to-Lovers Male/Male Romance (Forces of Nature Book 1)}]]>
              </value>
            </param>
          </params>
          <exception class="org.openqa.selenium.NoSuchElementException">
            <message>
              <![CDATA[Unable to locate element: //span[@class='author notFaded']/a
For documentation on this error, please visit: http://seleniumhq.org/exceptions/no_such_element.html
Build info: version: '3.11.0', revision: 'e59cfb3', time: '2018-03-11T20:33:15.31Z'
System info: host: 'C4LAP203', ip: '10.175.90.230', os.name: 'Windows 7', os.arch: 'amd64', os.version: '6.1', java.version: '1.8.0_121'
Driver info: org.openqa.selenium.firefox.FirefoxDriver
Capabilities {acceptInsecureCerts: true, browserName: firefox, browserVersion: 59.0.2, javascriptEnabled: true, moz:accessibilityChecks: false, moz:headless: false, moz:processID: 13600, moz:profile: C:\Users\jagadeesh.g\AppDat..., moz:useNonSpecCompliantPointerOrigin: false, moz:webdriverClick: true, pageLoadStrategy: normal, platform: XP, platformName: XP, platformVersion: 6.1, rotatable: false, timeouts: {implicit: 0, pageLoad: 300000, script: 30000}}
Session ID: f7d123f9-a5c6-4e61-81ff-342ccf33163a
*** Element info: {Using=xpath, value=//span[@class='author notFaded']/a}]]>
            </message>
            <full-stacktrace>
              <![CDATA[org.openqa.selenium.NoSuchElementException: Unable to locate element: //span[@class='author notFaded']/a
For documentation on this error, please visit: http://seleniumhq.org/exceptions/no_such_element.html
Build info: version: '3.11.0', revision: 'e59cfb3', time: '2018-03-11T20:33:15.31Z'
System info: host: 'C4LAP203', ip: '10.175.90.230', os.name: 'Windows 7', os.arch: 'amd64', os.version: '6.1', java.version: '1.8.0_121'
Driver info: org.openqa.selenium.firefox.FirefoxDriver
Capabilities {acceptInsecureCerts: true, browserName: firefox, browserVersion: 59.0.2, javascriptEnabled: true, moz:accessibilityChecks: false, moz:headless: false, moz:processID: 13600, moz:profile: C:\Users\jagadeesh.g\AppDat..., moz:useNonSpecCompliantPointerOrigin: false, moz:webdriverClick: true, pageLoadStrategy: normal, platform: XP, platformName: XP, platformVersion: 6.1, rotatable: false, timeouts: {implicit: 0, pageLoad: 300000, script: 30000}}
Session ID: f7d123f9-a5c6-4e61-81ff-342ccf33163a
*** Element info: {Using=xpath, value=//span[@class='author notFaded']/a}
	at sun.reflect.NativeConstructorAccessorImpl.newInstance0(Native Method)
	at sun.reflect.NativeConstructorAccessorImpl.newInstance(Unknown Source)
	at sun.reflect.DelegatingConstructorAccessorImpl.newInstance(Unknown Source)
	at java.lang.reflect.Constructor.newInstance(Unknown Source)
	at org.openqa.selenium.remote.http.W3CHttpResponseCodec.createException(W3CHttpResponseCodec.java:187)
	at org.openqa.selenium.remote.http.W3CHttpResponseCodec.decode(W3CHttpResponseCodec.java:122)
	at org.openqa.selenium.remote.http.W3CHttpResponseCodec.decode(W3CHttpResponseCodec.java:49)
	at org.openqa.selenium.remote.HttpCommandExecutor.execute(HttpCommandExecutor.java:158)
	at org.openqa.selenium.remote.service.DriverCommandExecutor.execute(DriverCommandExecutor.java:83)
	at org.openqa.selenium.remote.RemoteWebDriver.execute(RemoteWebDriver.java:545)
	at org.openqa.selenium.remote.RemoteWebDriver.findElement(RemoteWebDriver.java:319)
	at org.openqa.selenium.remote.RemoteWebDriver.findElementByXPath(RemoteWebDriver.java:421)
	at org.openqa.selenium.By$ByXPath.findElement(By.java:361)
	at org.openqa.selenium.remote.RemoteWebDriver.findElement(RemoteWebDriver.java:311)
	at org.openqa.selenium.support.pagefactory.DefaultElementLocator.findElement(DefaultElementLocator.java:69)
	at org.openqa.selenium.support.pagefactory.internal.LocatingElementHandler.invoke(LocatingElementHandler.java:38)
	at com.sun.proxy.$Proxy11.getText(Unknown Source)
	at com.pro.amazon.AmazonSearchAPI.searchCategory(AmazonSearchAPI.java:99)
	at com.pro.testcases.AmazonSearch.searchCategory(AmazonSearch.java:65)
	at sun.reflect.NativeMethodAccessorImpl.invoke0(Native Method)
	at sun.reflect.NativeMethodAccessorImpl.invoke(Unknown Source)
	at sun.reflect.DelegatingMethodAccessorImpl.invoke(Unknown Source)
	at java.lang.reflect.Method.invoke(Unknown Source)
	at org.testng.internal.MethodInvocationHelper.invokeMethod(MethodInvocationHelper.java:85)
	at org.testng.internal.Invoker.invokeMethod(Invoker.java:639)
	at org.testng.internal.Invoker.invokeTestMethod(Invoker.java:816)
	at org.testng.internal.Invoker.invokeTestMethods(Invoker.java:1124)
	at org.testng.internal.TestMethodWorker.invokeTestMethods(TestMethodWorker.java:125)
	at org.testng.internal.TestMethodWorker.run(TestMethodWorker.java:108)
	at org.testng.TestRunner.privateRun(TestRunner.java:774)
	at org.testng.TestRunner.run(TestRunner.java:624)
	at org.testng.SuiteRunner.runTest(SuiteRunner.java:359)
	at org.testng.SuiteRunner.runSequentially(SuiteRunner.java:354)
	at org.testng.SuiteRunner.privateRun(SuiteRunner.java:312)
	at org.testng.SuiteRunner.run(SuiteRunner.java:261)
	at org.testng.SuiteRunnerWorker.runSuite(SuiteRunnerWorker.java:52)
	at org.testng.SuiteRunnerWorker.run(SuiteRunnerWorker.java:86)
	at org.testng.TestNG.runSuitesSequentially(TestNG.java:1215)
	at org.testng.TestNG.runSuitesLocally(TestNG.java:1140)
	at org.testng.TestNG.run(TestNG.java:1048)
	at org.testng.remote.AbstractRemoteTestNG.run(AbstractRemoteTestNG.java:114)
	at org.testng.remote.RemoteTestNG.initAndRun(RemoteTestNG.java:251)
	at org.testng.remote.RemoteTestNG.main(RemoteTestNG.java:77)
]]>
            </full-stacktrace>
          </exception> <!-- org.openqa.selenium.NoSuchElementException -->
          <reporter-output>
          </reporter-output>
        </test-method> <!-- searchCategory -->
        <test-method status="PASS" signature="setStatus()[pri:0, instance:com.pro.testcases.AmazonSearch@184cf7cf]" name="setStatus" is-config="true" duration-ms="0" started-at="2018-04-12T14:07:23Z" finished-at="2018-04-12T14:07:23Z">
          <reporter-output>
          </reporter-output>
        </test-method> <!-- setStatus -->
        <test-method status="PASS" signature="setStatus()[pri:0, instance:com.pro.testcases.AmazonSearch@184cf7cf]" name="setStatus" is-config="true" duration-ms="10" started-at="2018-04-12T14:07:52Z" finished-at="2018-04-12T14:07:52Z">
          <reporter-output>
          </reporter-output>
        </test-method> <!-- setStatus -->
        <test-method status="PASS" signature="close()[pri:0, instance:com.pro.testcases.AmazonSearch@184cf7cf]" name="close" is-config="true" duration-ms="1492" started-at="2018-04-12T14:07:52Z" finished-at="2018-04-12T14:07:53Z">
          <reporter-output>
          </reporter-output>
        </test-method> <!-- close -->
      </class> <!-- com.pro.testcases.AmazonSearch -->
    </test> <!-- Book Search -->
  </suite> <!-- Demo_Amazon_Search -->
</testng-results>
